<?xml version="1.0" encoding="UTF-8"?>
<!-- Generated by org.testng.reporters.JUnitReportReporter -->
<testsuite skipped="0" hostname="Aswini" name="testCases.Addtodo" tests="4" failures="0" timestamp="2020-09-11T11:24:18 IST" time="1.486" errors="0">
  <testcase name="AddTodoList" time="0.747" classname="testCases.Addtodo"/>
  <system-out/>
  <testcase name="TodolistComplete" time="0.214" classname="testCases.Addtodo"/>
  <system-out/>
  <testcase name="Filter_Todolist" time="0.238" classname="testCases.Addtodo"/>
  <system-out/>
  <testcase name="Delete_Todolist" time="0.287" classname="testCases.Addtodo"/>
  <system-out/>
</testsuite> <!-- testCases.Addtodo -->
